# JRE version: OpenJDK Runtime Environment (17.0.11) (build 17.0.11+0-17.0.11b1207.24-11852314)
# Java VM: OpenJDK 64-Bit Server VM (17.0.11+0-17.0.11b1207.24-11852314, mixed mode, tiered, compressed oops, compressed class ptrs, g1 gc, linux-amd64)
GC Precious Log:
 CPUs: 4 total, 4 available
 Memory: 7843M
 Large Page Support: Disabled
 NUMA Support: Disabled
 Compressed Oops: Enabled (Zero based)
 Heap Region Size: 2M
 Heap Min Capacity: 1G
 Heap Initial Capacity: 1G
 Heap Max Capacity: 4G
 Pre-touch: Disabled
 Parallel Workers: 4
 Concurrent Workers: 1
 Concurrent Refinement Workers: 4
 Periodic GC: Disabled
Heap:
 garbage-first heap   total 1048576K, used 543743K [0x0000000700000000, 0x0000000800000000)
  region size 2048K, 179 young (366592K), 22 survivors (45056K)
 Metaspace       used 131125K, committed 132736K, reserved 1179648K
  class space    used 17704K, committed 18432K, reserved 1048576K
GC Heap History (20 events):
Event: 9.552 GC heap after
{Heap after GC invocations=8 (full 0):
 garbage-first heap   total 1048576K, used 37998K [0x0000000700000000, 0x0000000800000000)
  region size 2048K, 10 young (20480K), 10 survivors (20480K)
 Metaspace       used 60577K, committed 61056K, reserved 1114112K
  class space    used 8401K, committed 8640K, reserved 1048576K
}
Event: 9.599 GC heap before
{Heap before GC invocations=8 (full 0):
 garbage-first heap   total 1048576K, used 40046K [0x0000000700000000, 0x0000000800000000)
  region size 2048K, 12 young (24576K), 10 survivors (20480K)
 Metaspace       used 60898K, committed 61376K, reserved 1114112K
  class space    used 8450K, committed 8704K, reserved 1048576K
}
Event: 9.646 GC heap after
{Heap after GC invocations=9 (full 0):
 garbage-first heap   total 1048576K, used 39799K [0x0000000700000000, 0x0000000800000000)
  region size 2048K, 2 young (4096K), 2 survivors (4096K)
 Metaspace       used 60898K, committed 61376K, reserved 1114112K
  class space    used 8450K, committed 8704K, reserved 1048576K
}
Event: 9.744 GC heap before
{Heap before GC invocations=9 (full 0):
 garbage-first heap   total 1048576K, used 43895K [0x0000000700000000, 0x0000000800000000)
  region size 2048K, 5 young (10240K), 2 survivors (4096K)
 Metaspace       used 61211K, committed 61696K, reserved 1114112K
  class space    used 8501K, committed 8704K, reserved 1048576K
}
Event: 9.748 GC heap after
{Heap after GC invocations=10 (full 0):
 garbage-first heap   total 1048576K, used 37797K [0x0000000700000000, 0x0000000800000000)
  region size 2048K, 1 young (2048K), 1 survivors (2048K)
 Metaspace       used 61211K, committed 61696K, reserved 1114112K
  class space    used 8501K, committed 8704K, reserved 1048576K
}
Event: 19.422 GC heap before
{Heap before GC invocations=11 (full 0):
 garbage-first heap   total 1048576K, used 664485K [0x0000000700000000, 0x0000000800000000)
  region size 2048K, 302 young (618496K), 1 survivors (2048K)
 Metaspace       used 92461K, committed 93184K, reserved 1179648K
  class space    used 12720K, committed 13056K, reserved 1048576K
}
Event: 19.473 GC heap after
{Heap after GC invocations=12 (full 0):
 garbage-first heap   total 1048576K, used 90522K [0x0000000700000000, 0x0000000800000000)
  region size 2048K, 21 young (43008K), 21 survivors (43008K)
 Metaspace       used 92461K, committed 93184K, reserved 1179648K
  class space    used 12720K, committed 13056K, reserved 1048576K
}
Event: 23.427 GC heap before
{Heap before GC invocations=12 (full 0):
 garbage-first heap   total 1048576K, used 360858K [0x0000000700000000, 0x0000000800000000)
  region size 2048K, 154 young (315392K), 21 survivors (43008K)
 Metaspace       used 102449K, committed 103296K, reserved 1179648K
  class space    used 14247K, committed 14656K, reserved 1048576K
}
Event: 23.503 GC heap after
{Heap after GC invocations=13 (full 0):
 garbage-first heap   total 1048576K, used 109767K [0x0000000700000000, 0x0000000800000000)
  region size 2048K, 11 young (22528K), 11 survivors (22528K)
 Metaspace       used 102449K, committed 103296K, reserved 1179648K
  class space    used 14247K, committed 14656K, reserved 1048576K
}
Event: 29.835 GC heap before
{Heap before GC invocations=14 (full 0):
 garbage-first heap   total 1048576K, used 519367K [0x0000000700000000, 0x0000000800000000)
  region size 2048K, 211 young (432128K), 11 survivors (22528K)
 Metaspace       used 114360K, committed 115712K, reserved 1179648K
  class space    used 15904K, committed 16512K, reserved 1048576K
}
Event: 29.957 GC heap after
{Heap after GC invocations=15 (full 0):
 garbage-first heap   total 1048576K, used 156580K [0x0000000700000000, 0x0000000800000000)
  region size 2048K, 27 young (55296K), 27 survivors (55296K)
 Metaspace       used 114360K, committed 115712K, reserved 1179648K
  class space    used 15904K, committed 16512K, reserved 1048576K
}
Event: 30.262 GC heap before
{Heap before GC invocations=15 (full 0):
 garbage-first heap   total 1048576K, used 177060K [0x0000000700000000, 0x0000000800000000)
  region size 2048K, 37 young (75776K), 27 survivors (55296K)
 Metaspace       used 114865K, committed 116288K, reserved 1179648K
  class space    used 15980K, committed 16640K, reserved 1048576K
}
Event: 30.392 GC heap after
{Heap after GC invocations=16 (full 0):
 garbage-first heap   total 1048576K, used 162807K [0x0000000700000000, 0x0000000800000000)
  region size 2048K, 3 young (6144K), 3 survivors (6144K)
 Metaspace       used 114865K, committed 116288K, reserved 1179648K
  class space    used 15980K, committed 16640K, reserved 1048576K
}
Event: 35.638 GC heap before
{Heap before GC invocations=16 (full 0):
 garbage-first heap   total 1048576K, used 566263K [0x0000000700000000, 0x0000000800000000)
  region size 2048K, 201 young (411648K), 3 survivors (6144K)
 Metaspace       used 120522K, committed 122048K, reserved 1179648K
  class space    used 16623K, committed 17344K, reserved 1048576K
}
Event: 35.689 GC heap after
{Heap after GC invocations=17 (full 0):
 garbage-first heap   total 1048576K, used 187891K [0x0000000700000000, 0x0000000800000000)
  region size 2048K, 15 young (30720K), 15 survivors (30720K)
 Metaspace       used 120522K, committed 122048K, reserved 1179648K
  class space    used 16623K, committed 17344K, reserved 1048576K
}
Event: 40.027 GC heap before
{Heap before GC invocations=17 (full 0):
 garbage-first heap   total 1048576K, used 558579K [0x0000000700000000, 0x0000000800000000)
  region size 2048K, 196 young (401408K), 15 survivors (30720K)
 Metaspace       used 121281K, committed 122816K, reserved 1179648K
  class space    used 16674K, committed 17408K, reserved 1048576K
}
Event: 40.116 GC heap after
{Heap after GC invocations=18 (full 0):
 garbage-first heap   total 1048576K, used 204800K [0x0000000700000000, 0x0000000800000000)
  region size 2048K, 10 young (20480K), 10 survivors (20480K)
 Metaspace       used 121281K, committed 122816K, reserved 1179648K
  class space    used 16674K, committed 17408K, reserved 1048576K
}
Event: 47.987 GC heap before
{Heap before GC invocations=18 (full 0):
 garbage-first heap   total 1048576K, used 962560K [0x0000000700000000, 0x0000000800000000)
  region size 2048K, 255 young (522240K), 10 survivors (20480K)
 Metaspace       used 128084K, committed 129664K, reserved 1179648K
  class space    used 17498K, committed 18240K, reserved 1048576K
}
Event: 48.126 GC heap after
{Heap after GC invocations=19 (full 0):
 garbage-first heap   total 1048576K, used 222207K [0x0000000700000000, 0x0000000800000000)
  region size 2048K, 19 young (38912K), 19 survivors (38912K)
 Metaspace       used 128084K, committed 129664K, reserved 1179648K
  class space    used 17498K, committed 18240K, reserved 1048576K
}
Event: 127.906 GC heap before
{Heap before GC invocations=19 (full 0):
 garbage-first heap   total 1048576K, used 541695K [0x0000000700000000, 0x0000000800000000)
  region size 2048K, 176 young (360448K), 19 survivors (38912K)
 Metaspace       used 131125K, committed 132736K, reserved 1179648K
  class space    used 17704K, committed 18432K, reserved 1048576K
}

