# JRE version: OpenJDK Runtime Environment (17.0.11) (build 17.0.11+0-17.0.11b1207.24-11852314)
# Java VM: OpenJDK 64-Bit Server VM (17.0.11+0-17.0.11b1207.24-11852314, mixed mode, tiered, compressed oops, compressed class ptrs, g1 gc, linux-amd64)
GC Precious Log:
 CPUs: 4 total, 4 available
 Memory: 7843M
 Large Page Support: Disabled
 NUMA Support: Disabled
 Compressed Oops: Enabled (Zero based)
 Heap Region Size: 2M
 Heap Min Capacity: 1G
 Heap Initial Capacity: 1G
 Heap Max Capacity: 4G
 Pre-touch: Disabled
 Parallel Workers: 4
 Concurrent Workers: 1
 Concurrent Refinement Workers: 4
 Periodic GC: Disabled
Heap:
 garbage-first heap   total 1048576K, used 215390K [0x0000000700000000, 0x0000000800000000)
  region size 2048K, 42 young (86016K), 3 survivors (6144K)
 Metaspace       used 113575K, committed 114816K, reserved 1179648K
  class space    used 15778K, committed 16320K, reserved 1048576K
GC Heap History (20 events):
Event: 1.365 GC heap before
{Heap before GC invocations=0 (full 0):
 garbage-first heap   total 1048576K, used 55296K [0x0000000700000000, 0x0000000800000000)
  region size 2048K, 25 young (51200K), 0 survivors (0K)
 Metaspace       used 11788K, committed 11968K, reserved 1114112K
  class space    used 1259K, committed 1344K, reserved 1048576K
}
Event: 1.378 GC heap after
{Heap after GC invocations=1 (full 0):
 garbage-first heap   total 1048576K, used 11230K [0x0000000700000000, 0x0000000800000000)
  region size 2048K, 4 young (8192K), 4 survivors (8192K)
 Metaspace       used 11788K, committed 11968K, reserved 1114112K
  class space    used 1259K, committed 1344K, reserved 1048576K
}
Event: 2.162 GC heap before
{Heap before GC invocations=1 (full 0):
 garbage-first heap   total 1048576K, used 52190K [0x0000000700000000, 0x0000000800000000)
  region size 2048K, 25 young (51200K), 4 survivors (8192K)
 Metaspace       used 17808K, committed 17984K, reserved 1114112K
  class space    used 2035K, committed 2112K, reserved 1048576K
}
Event: 2.179 GC heap after
{Heap after GC invocations=2 (full 0):
 garbage-first heap   total 1048576K, used 18748K [0x0000000700000000, 0x0000000800000000)
  region size 2048K, 4 young (8192K), 4 survivors (8192K)
 Metaspace       used 17808K, committed 17984K, reserved 1114112K
  class space    used 2035K, committed 2112K, reserved 1048576K
}
Event: 2.534 GC heap before
{Heap before GC invocations=2 (full 0):
 garbage-first heap   total 1048576K, used 35132K [0x0000000700000000, 0x0000000800000000)
  region size 2048K, 13 young (26624K), 4 survivors (8192K)
 Metaspace       used 21333K, committed 21504K, reserved 1114112K
  class space    used 2528K, committed 2624K, reserved 1048576K
}
Event: 2.545 GC heap after
{Heap after GC invocations=3 (full 0):
 garbage-first heap   total 1048576K, used 19529K [0x0000000700000000, 0x0000000800000000)
  region size 2048K, 1 young (2048K), 1 survivors (2048K)
 Metaspace       used 21333K, committed 21504K, reserved 1114112K
  class space    used 2528K, committed 2624K, reserved 1048576K
}
Event: 4.633 GC heap before
{Heap before GC invocations=4 (full 0):
 garbage-first heap   total 1048576K, used 115785K [0x0000000700000000, 0x0000000800000000)
  region size 2048K, 48 young (98304K), 1 survivors (2048K)
 Metaspace       used 33831K, committed 34240K, reserved 1114112K
  class space    used 4641K, committed 4864K, reserved 1048576K
}
Event: 4.645 GC heap after
{Heap after GC invocations=5 (full 0):
 garbage-first heap   total 1048576K, used 24036K [0x0000000700000000, 0x0000000800000000)
  region size 2048K, 3 young (6144K), 3 survivors (6144K)
 Metaspace       used 33831K, committed 34240K, reserved 1114112K
  class space    used 4641K, committed 4864K, reserved 1048576K
}
Event: 4.961 GC heap before
{Heap before GC invocations=5 (full 0):
 garbage-first heap   total 1048576K, used 40420K [0x0000000700000000, 0x0000000800000000)
  region size 2048K, 12 young (24576K), 3 survivors (6144K)
 Metaspace       used 35813K, committed 36160K, reserved 1114112K
  class space    used 4933K, committed 5120K, reserved 1048576K
}
Event: 4.971 GC heap after
{Heap after GC invocations=6 (full 0):
 garbage-first heap   total 1048576K, used 24948K [0x0000000700000000, 0x0000000800000000)
  region size 2048K, 4 young (8192K), 4 survivors (8192K)
 Metaspace       used 35813K, committed 36160K, reserved 1114112K
  class space    used 4933K, committed 5120K, reserved 1048576K
}
Event: 9.173 GC heap before
{Heap before GC invocations=7 (full 0):
 garbage-first heap   total 1048576K, used 231796K [0x0000000700000000, 0x0000000800000000)
  region size 2048K, 107 young (219136K), 4 survivors (8192K)
 Metaspace       used 60410K, committed 60928K, reserved 1114112K
  class space    used 8374K, committed 8576K, reserved 1048576K
}
Event: 9.215 GC heap after
{Heap after GC invocations=8 (full 0):
 garbage-first heap   total 1048576K, used 37544K [0x0000000700000000, 0x0000000800000000)
  region size 2048K, 10 young (20480K), 10 survivors (20480K)
 Metaspace       used 60410K, committed 60928K, reserved 1114112K
  class space    used 8374K, committed 8576K, reserved 1048576K
}
Event: 16.809 GC heap before
{Heap before GC invocations=9 (full 0):
 garbage-first heap   total 1048576K, used 594600K [0x0000000700000000, 0x0000000800000000)
  region size 2048K, 277 young (567296K), 10 survivors (20480K)
 Metaspace       used 87159K, committed 87808K, reserved 1179648K
  class space    used 11851K, committed 12160K, reserved 1048576K
}
Event: 16.884 GC heap after
{Heap after GC invocations=10 (full 0):
 garbage-first heap   total 1048576K, used 86692K [0x0000000700000000, 0x0000000800000000)
  region size 2048K, 28 young (57344K), 28 survivors (57344K)
 Metaspace       used 87159K, committed 87808K, reserved 1179648K
  class space    used 11851K, committed 12160K, reserved 1048576K
}
Event: 19.585 GC heap before
{Heap before GC invocations=11 (full 0):
 garbage-first heap   total 1048576K, used 281252K [0x0000000700000000, 0x0000000800000000)
  region size 2048K, 124 young (253952K), 28 survivors (57344K)
 Metaspace       used 99698K, committed 100416K, reserved 1179648K
  class space    used 13868K, committed 14208K, reserved 1048576K
}
Event: 19.680 GC heap after
{Heap after GC invocations=12 (full 0):
 garbage-first heap   total 1048576K, used 95615K [0x0000000700000000, 0x0000000800000000)
  region size 2048K, 6 young (12288K), 6 survivors (12288K)
 Metaspace       used 99698K, committed 100416K, reserved 1179648K
  class space    used 13868K, committed 14208K, reserved 1048576K
}
Event: 24.787 GC heap before
{Heap before GC invocations=12 (full 0):
 garbage-first heap   total 1048576K, used 490879K [0x0000000700000000, 0x0000000800000000)
  region size 2048K, 199 young (407552K), 6 survivors (12288K)
 Metaspace       used 106416K, committed 107520K, reserved 1179648K
  class space    used 14762K, committed 15296K, reserved 1048576K
}
Event: 24.863 GC heap after
{Heap after GC invocations=13 (full 0):
 garbage-first heap   total 1048576K, used 133349K [0x0000000700000000, 0x0000000800000000)
  region size 2048K, 25 young (51200K), 25 survivors (51200K)
 Metaspace       used 106416K, committed 107520K, reserved 1179648K
  class space    used 14762K, committed 15296K, reserved 1048576K
}
Event: 25.591 GC heap before
{Heap before GC invocations=13 (full 0):
 garbage-first heap   total 1048576K, used 176357K [0x0000000700000000, 0x0000000800000000)
  region size 2048K, 47 young (96256K), 25 survivors (51200K)
 Metaspace       used 110795K, committed 111936K, reserved 1179648K
  class space    used 15413K, committed 15936K, reserved 1048576K
}
Event: 25.686 GC heap after
{Heap after GC invocations=14 (full 0):
 garbage-first heap   total 1048576K, used 137566K [0x0000000700000000, 0x0000000800000000)
  region size 2048K, 3 young (6144K), 3 survivors (6144K)
 Metaspace       used 110795K, committed 111936K, reserved 1179648K
  class space    used 15413K, committed 15936K, reserved 1048576K
}

